
Showing logs for build [32mcb-kubecd-environment-pr-242-9-tdtcr-1[0m stage [32mfrom-build-pack[0m and container [32mstep-credential-initializer-97xkw[0m
{"level":"info","ts":1593055071.7174292,"logger":"fallback-logger","caller":"logging/config.go:69","msg":"Fetch GitHub commit ID from kodata failed: open /var/run/ko/refs/heads/0.8.0-ns-support: no such file or directory"}
{"level":"info","ts":1593055071.7180872,"logger":"fallback-logger","caller":"creds-init/main.go:40","msg":"Credentials initialized."}

Showing logs for build [32mcb-kubecd-environment-pr-242-9-tdtcr-1[0m stage [32mfrom-build-pack[0m and container [32mstep-working-dir-initializer-g445n[0m
{"level":"info","ts":1593055072.8546615,"logger":"fallback-logger","caller":"logging/config.go:69","msg":"Fetch GitHub commit ID from kodata failed: open /var/run/ko/HEAD: no such file or directory"}
{"level":"info","ts":1593055072.8580477,"logger":"fallback-logger","caller":"bash/main.go:64","msg":"Successfully executed command \"sh -c mkdir -p /workspace/source\"; output "}

Showing logs for build [32mcb-kubecd-environment-pr-242-9-tdtcr-1[0m stage [32mfrom-build-pack[0m and container [32mstep-place-tools[0m

Showing logs for build [32mcb-kubecd-environment-pr-242-9-tdtcr-1[0m stage [32mfrom-build-pack[0m and container [32mstep-git-source-cb-kubecd-environment-pr-242-9-tdtcr-l2w9d[0m
{"level":"info","ts":1593055078.9786286,"logger":"fallback-logger","caller":"logging/config.go:69","msg":"Fetch GitHub commit ID from kodata failed: open /var/run/ko/refs/heads/0.8.0-ns-support: no such file or directory"}
{"level":"info","ts":1593055080.0380342,"logger":"fallback-logger","caller":"git/git.go:103","msg":"Successfully cloned https://github.com/cb-kubecd/environment-pr-242-9-boot-gke-staging.git @ master in path /workspace/source"}

Showing logs for build [32mcb-kubecd-environment-pr-242-9-tdtcr-1[0m stage [32mfrom-build-pack[0m and container [32mstep-git-merge[0m
Using SHAs from PULL_REFS=master:4152cd0a43f76eb9a3893d58f0d4fdbc3509ba47,4:d74292f09eb12ce9282b0f194390ad35cae34d98
DEBUG: LC_ALL=C JX_LOG_LEVEL=error git fetch origin --unshallow d74292f09eb12ce9282b0f194390ad35cae34d98: 4152cd0a43f76eb9a3893d58f0d4fdbc3509ba47:
DEBUG: ran git fetch --unshallow origin d74292f09eb12ce9282b0f194390ad35cae34d98: 4152cd0a43f76eb9a3893d58f0d4fdbc3509ba47: in 
DEBUG: LC_ALL=C JX_LOG_LEVEL=error git branch
DEBUG: LC_ALL=C JX_LOG_LEVEL=error git checkout master
DEBUG: ran git checkout master in 
DEBUG: LC_ALL=C JX_LOG_LEVEL=error git reset --hard 4152cd0a43f76eb9a3893d58f0d4fdbc3509ba47
DEBUG: ran git reset --hard 4152cd0a43f76eb9a3893d58f0d4fdbc3509ba47 in 
DEBUG: LC_ALL=C JX_LOG_LEVEL=error git clean -fd .
DEBUG: ran clean --force -d . in 
DEBUG: LC_ALL=C JX_LOG_LEVEL=error git merge d74292f09eb12ce9282b0f194390ad35cae34d98
DEBUG: ran git merge d74292f09eb12ce9282b0f194390ad35cae34d98 in 
DEBUG: JX_LOG_LEVEL=error LC_ALL=C git log --format=%H%x1f%an%x1f%ae%x1f%cn%x1f%ce%x1f%s%n%b%x1e 4152cd0a43f76eb9a3893d58f0d4fdbc3509ba47..HEAD
Merged SHA d74292f09eb12ce9282b0f194390ad35cae34d98 with commit message 'chore: Promote bdd-gh-1593053095 to version 0.0.1' into base branch master

Showing logs for build [32mcb-kubecd-environment-pr-242-9-tdtcr-1[0m stage [32mfrom-build-pack[0m and container [32mstep-build-helm-build[0m
WARNING: No $CHART_REPOSITORY defined so using the default value of: http://jenkins-x-chartmuseum:8080
Adding missing Helm repo: storage.googleapis.com https://storage.googleapis.com/chartmuseum.jenkins-x.io
WARNING: No secrets found on "helm/repos" due: reading the secret "helm/repos" from vault: no secret "helm/repos" not found in vault
Read credentials for https://storage.googleapis.com/chartmuseum.jenkins-x.io from vault helm/repos
Successfully added Helm repository storage.googleapis.com.
Adding missing Helm repo: jenkins-x-chartmuseum http://jenkins-x-chartmuseum:8080
WARNING: No secrets found on "helm/repos" due: reading the secret "helm/repos" from vault: no secret "helm/repos" not found in vault
Read credentials for http://jenkins-x-chartmuseum:8080 from vault helm/repos
Successfully added Helm repository jenkins-x-chartmuseum.
WARNING: No $CHART_REPOSITORY defined so using the default value of: http://jenkins-x-chartmuseum:8080
Adding missing Helm repo: chartmuseum.jenkins-x.io http://chartmuseum.jenkins-x.io
WARNING: No secrets found on "helm/repos" due: reading the secret "helm/repos" from vault: no secret "helm/repos" not found in vault
Read credentials for http://chartmuseum.jenkins-x.io from vault helm/repos
Successfully added Helm repository chartmuseum.jenkins-x.io.
